2026-06-29 11:37:37 INFO  utils.LoggerManager - ===== Test Started =====
2026-06-29 11:37:42 INFO  utils.LoggerManager - Initializing browser: chrome
2026-06-29 11:37:57 INFO  utils.LoggerManager - Chrome browser launched
2026-06-29 11:38:13 INFO  utils.LoggerManager - Navigated to: https://www.urbanladder.com/
2026-06-29 11:38:13 INFO  utils.LoggerManager - Starting TC_01_BookshelvesSearchTest
2026-06-29 11:38:17 INFO  utils.LoggerManager - ===== Test Finished =====
2026-06-29 11:41:19 INFO  utils.LoggerManager - ===== Test Started =====
2026-06-29 11:41:23 INFO  utils.LoggerManager - Initializing browser: chrome
2026-06-29 11:41:26 INFO  utils.LoggerManager - Chrome browser launched
2026-06-29 11:41:33 INFO  utils.LoggerManager - Navigated to: https://www.urbanladder.com/
2026-06-29 11:41:33 INFO  utils.LoggerManager - Starting TC_01_BookshelvesSearchTest
2026-06-29 11:41:36 INFO  utils.LoggerManager - ===== Test Finished =====
2026-06-29 11:44:35 INFO  utils.LoggerManager - ===== Test Started =====
2026-06-29 11:44:38 INFO  utils.LoggerManager - Initializing browser: chrome
2026-06-29 11:44:41 INFO  utils.LoggerManager - Chrome browser launched
2026-06-29 11:44:50 INFO  utils.LoggerManager - Navigated to: https://www.urbanladder.com/
2026-06-29 11:44:50 INFO  utils.LoggerManager - Starting TC_01_BookshelvesSearchTest
2026-06-29 11:45:00 INFO  utils.LoggerManager - No popup present
2026-06-29 11:45:15 INFO  utils.LoggerManager - ===== Test Finished =====
2026-06-29 11:47:15 INFO  utils.LoggerManager - ===== Test Started =====
2026-06-29 11:47:18 INFO  utils.LoggerManager - Initializing browser: chrome
2026-06-29 11:47:21 INFO  utils.LoggerManager - Chrome browser launched
2026-06-29 11:47:25 INFO  utils.LoggerManager - Navigated to: https://www.urbanladder.com/
2026-06-29 11:47:25 INFO  utils.LoggerManager - Starting TC_01_BookshelvesSearchTest
2026-06-29 11:47:25 INFO  utils.LoggerManager - Clicking search icon
2026-06-29 11:47:43 INFO  utils.LoggerManager - ===== Test Finished =====
2026-06-29 11:50:47 INFO  utils.LoggerManager - ===== Test Started =====
2026-06-29 11:50:47 INFO  utils.LoggerManager - Initializing browser: chrome
2026-06-29 11:50:50 INFO  utils.LoggerManager - Chrome browser launched
2026-06-29 11:50:54 INFO  utils.LoggerManager - Navigated to: https://www.urbanladder.com/
2026-06-29 11:50:54 INFO  utils.LoggerManager - Starting TC_01_BookshelvesSearchTest
2026-06-29 11:50:54 INFO  utils.LoggerManager - Waiting for search box
2026-06-29 11:50:54 INFO  utils.LoggerManager - Clicking search box
2026-06-29 11:50:54 INFO  utils.LoggerManager - Typing Bookshelves
2026-06-29 11:50:54 INFO  utils.LoggerManager - Pressing Enter
2026-06-29 11:50:55 INFO  utils.LoggerManager - Validation result: true
2026-06-29 11:50:59 INFO  utils.LoggerManager - ===== Test Finished =====
2026-06-29 14:55:02 INFO  utils.LoggerManager - ===== Test Started =====
2026-06-29 14:55:02 INFO  utils.LoggerManager - Initializing browser: chrome
2026-06-29 14:55:06 INFO  utils.LoggerManager - Chrome browser launched
2026-06-29 14:55:34 INFO  utils.LoggerManager - Navigated to: https://www.urbanladder.com/
2026-06-29 14:55:34 INFO  utils.LoggerManager - Starting TC_01
2026-06-29 14:55:34 INFO  utils.LoggerManager - Waiting for search box
2026-06-29 14:55:35 INFO  utils.LoggerManager - Clicking search box
2026-06-29 14:55:35 INFO  utils.LoggerManager - Typing Bookshelves
2026-06-29 14:55:35 INFO  utils.LoggerManager - Pressing Enter
2026-06-29 14:55:40 INFO  utils.LoggerManager - ===== Test Finished =====
2026-06-29 15:10:22 INFO  utils.LoggerManager - ===== Test Started =====
2026-06-29 15:10:22 INFO  utils.LoggerManager - Initializing browser: chrome
2026-06-29 15:10:25 INFO  utils.LoggerManager - Chrome browser launched
2026-06-29 15:10:36 INFO  utils.LoggerManager - Navigated to: https://www.urbanladder.com/
2026-06-29 15:10:36 INFO  utils.LoggerManager - Starting TC_02 - Price Filter
2026-06-29 15:10:36 INFO  utils.LoggerManager - Waiting for search box
2026-06-29 15:10:36 INFO  utils.LoggerManager - Clicking search box
2026-06-29 15:10:36 INFO  utils.LoggerManager - Typing Bookshelves
2026-06-29 15:10:37 INFO  utils.LoggerManager - Pressing Enter
2026-06-29 15:10:37 INFO  utils.LoggerManager - Clicking All Filters
2026-06-29 15:11:11 INFO  utils.LoggerManager - ===== Test Finished =====
2026-06-29 15:12:34 INFO  utils.LoggerManager - ===== Test Started =====
2026-06-29 15:12:34 INFO  utils.LoggerManager - Initializing browser: chrome
2026-06-29 15:12:37 INFO  utils.LoggerManager - Chrome browser launched
2026-06-29 15:12:51 INFO  utils.LoggerManager - Navigated to: https://www.urbanladder.com/
2026-06-29 15:12:51 INFO  utils.LoggerManager - Starting TC_02 - Price Filter
2026-06-29 15:12:51 INFO  utils.LoggerManager - Waiting for search box
2026-06-29 15:12:51 INFO  utils.LoggerManager - Clicking search box
2026-06-29 15:12:51 INFO  utils.LoggerManager - Typing Bookshelves
2026-06-29 15:12:52 INFO  utils.LoggerManager - Pressing Enter
2026-06-29 15:12:52 INFO  utils.LoggerManager - Clicking All Filters
2026-06-29 15:13:27 INFO  utils.LoggerManager - ===== Test Finished =====
2026-06-29 15:14:50 INFO  utils.LoggerManager - ===== Test Started =====
2026-06-29 15:14:50 INFO  utils.LoggerManager - Initializing browser: chrome
2026-06-29 15:14:54 INFO  utils.LoggerManager - Chrome browser launched
2026-06-29 15:14:56 INFO  utils.LoggerManager - Navigated to: https://www.urbanladder.com/
2026-06-29 15:14:56 INFO  utils.LoggerManager - Starting TC_02 - Price Filter
2026-06-29 15:14:56 INFO  utils.LoggerManager - Waiting for search box
2026-06-29 15:14:56 INFO  utils.LoggerManager - Clicking search box
2026-06-29 15:14:56 INFO  utils.LoggerManager - Typing Bookshelves
2026-06-29 15:14:56 INFO  utils.LoggerManager - Pressing Enter
2026-06-29 15:14:57 INFO  utils.LoggerManager - Clicking All Filters
2026-06-29 15:14:57 INFO  utils.LoggerManager - All Filters opened
2026-06-29 15:14:57 INFO  utils.LoggerManager - Scrolling to Price
2026-06-29 15:14:57 INFO  utils.LoggerManager - Setting max price
2026-06-29 15:15:32 INFO  utils.LoggerManager - ===== Test Finished =====
2026-06-29 16:58:06 INFO  utils.LoggerManager - ===== Test Started =====
2026-06-29 16:58:06 INFO  utils.LoggerManager - Initializing browser: chrome
2026-06-29 16:58:09 INFO  utils.LoggerManager - Chrome browser launched
2026-06-29 16:58:16 INFO  utils.LoggerManager - Navigated to: https://www.urbanladder.com/
2026-06-29 16:58:16 INFO  utils.LoggerManager - Starting TC_02 - Price Filter
2026-06-29 16:58:16 INFO  utils.LoggerManager - Waiting for search box
2026-06-29 16:58:16 INFO  utils.LoggerManager - Clicking search box
2026-06-29 16:58:16 INFO  utils.LoggerManager - Typing Bookshelves
2026-06-29 16:58:16 INFO  utils.LoggerManager - Pressing Enter
2026-06-29 16:58:16 INFO  utils.LoggerManager - Clicking All Filters
2026-06-29 16:58:17 INFO  utils.LoggerManager - All Filters opened
2026-06-29 16:58:17 INFO  utils.LoggerManager - Scrolling to Price
2026-06-29 16:58:17 INFO  utils.LoggerManager - Setting max price
2026-06-29 16:58:52 INFO  utils.LoggerManager - ===== Test Finished =====
2026-06-29 17:00:05 INFO  utils.LoggerManager - ===== Test Started =====
2026-06-29 17:00:05 INFO  utils.LoggerManager - Initializing browser: chrome
2026-06-29 17:00:08 INFO  utils.LoggerManager - Chrome browser launched
2026-06-29 17:00:10 INFO  utils.LoggerManager - Navigated to: https://www.urbanladder.com/
2026-06-29 17:00:10 INFO  utils.LoggerManager - Starting TC_02 - Price Filter
2026-06-29 17:00:10 INFO  utils.LoggerManager - Waiting for search box
2026-06-29 17:00:10 INFO  utils.LoggerManager - Clicking search box
2026-06-29 17:00:11 INFO  utils.LoggerManager - Typing Bookshelves
2026-06-29 17:00:11 INFO  utils.LoggerManager - Pressing Enter
2026-06-29 17:00:11 INFO  utils.LoggerManager - Clicking All Filters
2026-06-29 17:00:12 INFO  utils.LoggerManager - All Filters opened
2026-06-29 17:00:12 INFO  utils.LoggerManager - Scrolling to Price
2026-06-29 17:00:12 INFO  utils.LoggerManager - Setting max price
2026-06-29 17:00:47 INFO  utils.LoggerManager - ===== Test Finished =====
2026-06-29 17:19:24 INFO  utils.LoggerManager - ===== Test Started =====
2026-06-29 17:19:24 INFO  utils.LoggerManager - Initializing browser: chrome
2026-06-29 17:19:27 INFO  utils.LoggerManager - Chrome browser launched
2026-06-29 17:19:33 INFO  utils.LoggerManager - Navigated to: https://www.urbanladder.com/
2026-06-29 17:19:33 INFO  utils.LoggerManager - Starting TC_02 - Price Filter
2026-06-29 17:19:34 INFO  utils.LoggerManager - Waiting for search box
2026-06-29 17:19:34 INFO  utils.LoggerManager - Clicking search box
2026-06-29 17:19:34 INFO  utils.LoggerManager - Typing Bookshelves
2026-06-29 17:19:34 INFO  utils.LoggerManager - Pressing Enter
2026-06-29 17:19:34 INFO  utils.LoggerManager - Clicking All Filters
2026-06-29 17:19:35 INFO  utils.LoggerManager - All Filters opened
2026-06-29 17:19:35 INFO  utils.LoggerManager - Scrolling to Price
2026-06-29 17:19:35 INFO  utils.LoggerManager - Setting max price
2026-06-29 17:19:35 INFO  utils.LoggerManager - Applying filter
2026-06-29 17:19:50 INFO  utils.LoggerManager - ===== Test Finished =====
2026-06-29 17:20:40 INFO  utils.LoggerManager - ===== Test Started =====
2026-06-29 17:20:40 INFO  utils.LoggerManager - Initializing browser: chrome
2026-06-29 17:20:43 INFO  utils.LoggerManager - Chrome browser launched
2026-06-29 17:20:52 INFO  utils.LoggerManager - Navigated to: https://www.urbanladder.com/
2026-06-29 17:20:52 INFO  utils.LoggerManager - Starting TC_02 - Price Filter
2026-06-29 17:20:55 INFO  utils.LoggerManager - ===== Test Finished =====
2026-06-29 17:23:04 INFO  utils.LoggerManager - ===== Test Started =====
2026-06-29 17:23:04 INFO  utils.LoggerManager - Initializing browser: chrome
2026-06-29 17:23:07 INFO  utils.LoggerManager - Chrome browser launched
2026-06-29 17:23:10 INFO  utils.LoggerManager - Navigated to: https://www.urbanladder.com/
2026-06-29 17:23:10 INFO  utils.LoggerManager - Starting TC_02 - Price Filter
2026-06-29 17:23:10 INFO  utils.LoggerManager - Waiting for search box
2026-06-29 17:23:10 INFO  utils.LoggerManager - Clicking search box
2026-06-29 17:23:10 INFO  utils.LoggerManager - Typing Bookshelves
2026-06-29 17:23:10 INFO  utils.LoggerManager - Pressing Enter
2026-06-29 17:23:11 INFO  utils.LoggerManager - Clicking All Filters
2026-06-29 17:23:12 INFO  utils.LoggerManager - All Filters opened
2026-06-29 17:23:12 INFO  utils.LoggerManager - Scrolling to Price
2026-06-29 17:23:12 INFO  utils.LoggerManager - Setting max price
2026-06-29 17:23:12 INFO  utils.LoggerManager - Applying filter
2026-06-29 17:23:28 INFO  utils.LoggerManager - ===== Test Finished =====
2026-06-29 17:27:05 INFO  utils.LoggerManager - ===== Test Started =====
2026-06-29 17:27:05 INFO  utils.LoggerManager - Initializing browser: chrome
2026-06-29 17:27:09 INFO  utils.LoggerManager - Chrome browser launched
2026-06-29 17:27:12 INFO  utils.LoggerManager - Navigated to: https://www.urbanladder.com/
2026-06-29 17:27:12 INFO  utils.LoggerManager - Starting TC_02 - Price Filter
2026-06-29 17:27:12 INFO  utils.LoggerManager - Waiting for search box
2026-06-29 17:27:12 INFO  utils.LoggerManager - Clicking search box
2026-06-29 17:27:12 INFO  utils.LoggerManager - Typing Bookshelves
2026-06-29 17:27:12 INFO  utils.LoggerManager - Pressing Enter
2026-06-29 17:27:13 INFO  utils.LoggerManager - Clicking All Filters
2026-06-29 17:27:14 INFO  utils.LoggerManager - All Filters opened
2026-06-29 17:27:14 INFO  utils.LoggerManager - Scrolling to Price
2026-06-29 17:27:14 INFO  utils.LoggerManager - Setting max price
2026-06-29 17:27:14 INFO  utils.LoggerManager - Waiting for UI to update after entering price
2026-06-29 17:27:14 INFO  utils.LoggerManager - Clicking Apply button
2026-06-29 17:27:49 INFO  utils.LoggerManager - ===== Test Finished =====
2026-06-29 17:28:46 INFO  utils.LoggerManager - ===== Test Started =====
2026-06-29 17:28:46 INFO  utils.LoggerManager - Initializing browser: chrome
2026-06-29 17:28:49 INFO  utils.LoggerManager - Chrome browser launched
2026-06-29 17:28:52 INFO  utils.LoggerManager - Navigated to: https://www.urbanladder.com/
2026-06-29 17:28:52 INFO  utils.LoggerManager - Starting TC_02 - Price Filter
2026-06-29 17:28:52 INFO  utils.LoggerManager - Waiting for search box
2026-06-29 17:28:52 INFO  utils.LoggerManager - Clicking search box
2026-06-29 17:28:52 INFO  utils.LoggerManager - Typing Bookshelves
2026-06-29 17:28:52 INFO  utils.LoggerManager - Pressing Enter
2026-06-29 17:28:52 INFO  utils.LoggerManager - Clicking All Filters
2026-06-29 17:28:53 INFO  utils.LoggerManager - All Filters opened
2026-06-29 17:28:53 INFO  utils.LoggerManager - Scrolling to Price
2026-06-29 17:28:53 INFO  utils.LoggerManager - Setting max price
2026-06-29 17:28:54 INFO  utils.LoggerManager - Waiting for UI to update after entering price
2026-06-29 17:28:54 INFO  utils.LoggerManager - Clicking Apply button
2026-06-29 17:28:54 INFO  utils.LoggerManager - Price filter applied successfully
2026-06-29 17:28:57 INFO  utils.LoggerManager - ===== Test Finished =====
2026-06-29 17:29:13 INFO  utils.LoggerManager - ===== Test Started =====
2026-06-29 17:29:13 INFO  utils.LoggerManager - Initializing browser: chrome
2026-06-29 17:29:16 INFO  utils.LoggerManager - Chrome browser launched
2026-06-29 17:29:20 INFO  utils.LoggerManager - Navigated to: https://www.urbanladder.com/
2026-06-29 17:29:20 INFO  utils.LoggerManager - Starting TC_02 - Price Filter
2026-06-29 17:29:20 INFO  utils.LoggerManager - Waiting for search box
2026-06-29 17:29:20 INFO  utils.LoggerManager - Clicking search box
2026-06-29 17:29:20 INFO  utils.LoggerManager - Typing Bookshelves
2026-06-29 17:29:20 INFO  utils.LoggerManager - Pressing Enter
2026-06-29 17:29:20 INFO  utils.LoggerManager - Clicking All Filters
2026-06-29 17:29:21 INFO  utils.LoggerManager - All Filters opened
2026-06-29 17:29:21 INFO  utils.LoggerManager - Scrolling to Price
2026-06-29 17:29:21 INFO  utils.LoggerManager - Setting max price
2026-06-29 17:29:21 INFO  utils.LoggerManager - Waiting for UI to update after entering price
2026-06-29 17:29:21 INFO  utils.LoggerManager - Clicking Apply button
2026-06-29 17:29:22 INFO  utils.LoggerManager - Price filter applied successfully
2026-06-29 17:29:25 INFO  utils.LoggerManager - ===== Test Finished =====
2026-06-29 17:42:50 INFO  utils.LoggerManager - ===== Test Started =====
2026-06-29 17:42:50 INFO  utils.LoggerManager - Initializing browser: chrome
2026-06-29 17:42:53 INFO  utils.LoggerManager - Chrome browser launched
2026-06-29 17:43:00 INFO  utils.LoggerManager - Navigated to: https://www.urbanladder.com/
2026-06-29 17:43:00 INFO  utils.LoggerManager - Starting TC_02 - Price Filter
2026-06-29 17:43:00 INFO  utils.LoggerManager - Waiting for search box
2026-06-29 17:43:00 INFO  utils.LoggerManager - Clicking search box
2026-06-29 17:43:00 INFO  utils.LoggerManager - Typing Bookshelves
2026-06-29 17:43:00 INFO  utils.LoggerManager - Pressing Enter
2026-06-29 17:43:01 INFO  utils.LoggerManager - Clicking All Filters
2026-06-29 17:43:04 INFO  utils.LoggerManager - All Filters opened
2026-06-29 17:43:04 INFO  utils.LoggerManager - Scrolling to Price
2026-06-29 17:43:04 INFO  utils.LoggerManager - Setting max price
2026-06-29 17:43:05 INFO  utils.LoggerManager - Waiting for UI to update after entering price
2026-06-29 17:43:05 INFO  utils.LoggerManager - Clicking Apply button
2026-06-29 17:43:05 INFO  utils.LoggerManager - Price filter applied successfully
2026-06-29 17:43:08 INFO  utils.LoggerManager - ===== Test Finished =====
2026-06-29 17:43:38 INFO  utils.LoggerManager - ===== Test Started =====
2026-06-29 17:43:38 INFO  utils.LoggerManager - Initializing browser: chrome
2026-06-29 17:43:41 INFO  utils.LoggerManager - Chrome browser launched
2026-06-29 17:43:43 INFO  utils.LoggerManager - Navigated to: https://www.urbanladder.com/
2026-06-29 17:43:44 INFO  utils.LoggerManager - Starting TC_03 - Filter by Open Storage
2026-06-29 17:43:44 INFO  utils.LoggerManager - Waiting for search box
2026-06-29 17:43:44 INFO  utils.LoggerManager - Clicking search box
2026-06-29 17:43:44 INFO  utils.LoggerManager - Typing Bookshelves
2026-06-29 17:43:44 INFO  utils.LoggerManager - Pressing Enter
2026-06-29 17:43:44 INFO  utils.LoggerManager - Bookshelves searched
2026-06-29 17:43:44 INFO  utils.LoggerManager - Clicking All Filters button
2026-06-29 17:43:45 INFO  utils.LoggerManager - Filters panel opened successfully
2026-06-29 17:43:45 INFO  utils.LoggerManager - Filters opened
2026-06-29 17:43:45 INFO  utils.LoggerManager - Selecting Storage Type: Open Storage
2026-06-29 17:43:56 INFO  utils.LoggerManager - Open Storage selected successfully
2026-06-29 17:43:56 INFO  utils.LoggerManager - Open Storage selected
2026-06-29 17:43:56 INFO  utils.LoggerManager - Clicking Apply button
2026-06-29 17:43:56 INFO  utils.LoggerManager - Filters applied successfully
2026-06-29 17:43:56 INFO  utils.LoggerManager - Filters applied
2026-06-29 17:43:56 INFO  utils.LoggerManager - TC_03 Completed Successfully
2026-06-29 17:44:00 INFO  utils.LoggerManager - ===== Test Finished =====
2026-06-29 17:44:06 INFO  utils.LoggerManager - ===== Test Started =====
2026-06-29 17:44:06 INFO  utils.LoggerManager - Initializing browser: chrome
2026-06-29 17:44:09 INFO  utils.LoggerManager - Chrome browser launched
2026-06-29 17:44:13 INFO  utils.LoggerManager - Navigated to: https://www.urbanladder.com/
2026-06-29 17:44:13 INFO  utils.LoggerManager - Starting TC_03 - Filter by Open Storage
2026-06-29 17:44:13 INFO  utils.LoggerManager - Waiting for search box
2026-06-29 17:44:13 INFO  utils.LoggerManager - Clicking search box
2026-06-29 17:44:13 INFO  utils.LoggerManager - Typing Bookshelves
2026-06-29 17:44:13 INFO  utils.LoggerManager - Pressing Enter
2026-06-29 17:44:14 INFO  utils.LoggerManager - Bookshelves searched
2026-06-29 17:44:14 INFO  utils.LoggerManager - Clicking All Filters button
2026-06-29 17:44:14 INFO  utils.LoggerManager - Filters panel opened successfully
2026-06-29 17:44:14 INFO  utils.LoggerManager - Filters opened
2026-06-29 17:44:14 INFO  utils.LoggerManager - Selecting Storage Type: Open Storage
2026-06-29 17:44:45 ERROR utils.LoggerManager - Test failed: Expected condition failed: waiting for visibility of Proxy element for: DefaultElementLocator 'By.xpath: //div[contains(text(),'Open Storage')]' (tried for 15 second(s) with 500 milliseconds interval)
2026-06-29 17:44:49 INFO  utils.LoggerManager - ===== Test Finished =====
2026-06-29 17:46:06 INFO  utils.LoggerManager - ===== Test Started =====
2026-06-29 17:46:06 INFO  utils.LoggerManager - Initializing browser: chrome
2026-06-29 17:46:09 INFO  utils.LoggerManager - Chrome browser launched
2026-06-29 17:46:12 INFO  utils.LoggerManager - Navigated to: https://www.urbanladder.com/
2026-06-29 17:46:12 INFO  utils.LoggerManager - Starting TC_03 - Filter by Open Storage
2026-06-29 17:46:12 INFO  utils.LoggerManager - Waiting for search box
2026-06-29 17:46:12 INFO  utils.LoggerManager - Clicking search box
2026-06-29 17:46:13 INFO  utils.LoggerManager - Typing Bookshelves
2026-06-29 17:46:13 INFO  utils.LoggerManager - Pressing Enter
2026-06-29 17:46:13 INFO  utils.LoggerManager - Bookshelves searched
2026-06-29 17:46:13 INFO  utils.LoggerManager - Clicking All Filters button
2026-06-29 17:46:14 INFO  utils.LoggerManager - Filters panel opened successfully
2026-06-29 17:46:14 INFO  utils.LoggerManager - Filters opened
2026-06-29 17:46:14 INFO  utils.LoggerManager - Opening Storage Type section
2026-06-29 17:46:44 ERROR utils.LoggerManager - Test failed: Expected condition failed: waiting for visibility of Proxy element for: DefaultElementLocator 'By.xpath: //div[contains(text(),'Storage Type')]' (tried for 15 second(s) with 500 milliseconds interval)
2026-06-29 17:46:49 INFO  utils.LoggerManager - ===== Test Finished =====
2026-06-29 17:47:42 INFO  utils.LoggerManager - ===== Test Started =====
2026-06-29 17:47:42 INFO  utils.LoggerManager - Initializing browser: chrome
2026-06-29 17:47:45 INFO  utils.LoggerManager - Chrome browser launched
2026-06-29 17:47:49 INFO  utils.LoggerManager - Navigated to: https://www.urbanladder.com/
2026-06-29 17:47:49 INFO  utils.LoggerManager - Starting TC_03 - Filter by Open Storage
2026-06-29 17:47:49 INFO  utils.LoggerManager - Waiting for search box
2026-06-29 17:47:49 INFO  utils.LoggerManager - Clicking search box
2026-06-29 17:47:49 INFO  utils.LoggerManager - Typing Bookshelves
2026-06-29 17:47:49 INFO  utils.LoggerManager - Pressing Enter
2026-06-29 17:47:49 INFO  utils.LoggerManager - Bookshelves searched
2026-06-29 17:47:49 INFO  utils.LoggerManager - Clicking All Filters button
2026-06-29 17:47:50 INFO  utils.LoggerManager - Filters panel opened successfully
2026-06-29 17:47:50 INFO  utils.LoggerManager - Filters opened
2026-06-29 17:47:50 INFO  utils.LoggerManager - Opening Storage Type section
2026-06-29 17:48:21 ERROR utils.LoggerManager - Test failed: Expected condition failed: waiting for visibility of Proxy element for: DefaultElementLocator 'By.id: filter-tab-storage-type' (tried for 15 second(s) with 500 milliseconds interval)
2026-06-29 17:48:25 INFO  utils.LoggerManager - ===== Test Finished =====
2026-06-29 17:50:05 INFO  utils.LoggerManager - ===== Test Started =====
2026-06-29 17:50:05 INFO  utils.LoggerManager - Initializing browser: chrome
2026-06-29 17:50:08 INFO  utils.LoggerManager - Chrome browser launched
2026-06-29 17:50:11 INFO  utils.LoggerManager - Navigated to: https://www.urbanladder.com/
2026-06-29 17:50:11 INFO  utils.LoggerManager - Starting TC_03 - Filter by Open Storage
2026-06-29 17:50:11 INFO  utils.LoggerManager - Waiting for search box
2026-06-29 17:50:11 INFO  utils.LoggerManager - Clicking search box
2026-06-29 17:50:11 INFO  utils.LoggerManager - Typing Bookshelves
2026-06-29 17:50:11 INFO  utils.LoggerManager - Pressing Enter
2026-06-29 17:50:12 INFO  utils.LoggerManager - Bookshelves searched
2026-06-29 17:50:12 INFO  utils.LoggerManager - Clicking All Filters button
2026-06-29 17:50:13 INFO  utils.LoggerManager - Filters panel opened successfully
2026-06-29 17:50:13 INFO  utils.LoggerManager - Filters opened
2026-06-29 17:50:13 INFO  utils.LoggerManager - Opening Storage Type section
2026-06-29 17:50:43 ERROR utils.LoggerManager - Test failed: Expected condition failed: waiting for visibility of Proxy element for: DefaultElementLocator 'By.xpath: //div[@role='tab' and @aria-label='Storage Type']' (tried for 15 second(s) with 500 milliseconds interval)
2026-06-29 17:50:47 INFO  utils.LoggerManager - ===== Test Finished =====
2026-06-29 18:05:18 INFO  utils.LoggerManager - ===== Test Started =====
2026-06-29 18:05:18 INFO  utils.LoggerManager - Initializing browser: chrome
2026-06-29 18:05:23 INFO  utils.LoggerManager - Chrome browser launched
2026-06-29 18:05:29 INFO  utils.LoggerManager - Navigated to: https://www.urbanladder.com/
2026-06-29 18:05:29 INFO  utils.LoggerManager - Starting TC_03 - Filter by Open Storage
2026-06-29 18:05:29 INFO  utils.LoggerManager - Waiting for search box
2026-06-29 18:05:29 INFO  utils.LoggerManager - Clicking search box
2026-06-29 18:05:30 INFO  utils.LoggerManager - Typing Bookshelves
2026-06-29 18:05:30 INFO  utils.LoggerManager - Pressing Enter
2026-06-29 18:05:30 INFO  utils.LoggerManager - Bookshelves searched
2026-06-29 18:05:30 INFO  utils.LoggerManager - Clicking All Filters button
2026-06-29 18:05:31 INFO  utils.LoggerManager - Filters panel opened successfully
2026-06-29 18:05:31 INFO  utils.LoggerManager - Filters opened
2026-06-29 18:05:31 INFO  utils.LoggerManager - Scrolling to Storage Type section
2026-06-29 18:05:41 ERROR utils.LoggerManager - Test failed: no such element: Unable to locate element: {"method":"xpath","selector":"//ul[@role='tablist']"}
  (Session info: chrome=149.0.7827.103)
For documentation on this error, please visit: https://www.selenium.dev/documentation/webdriver/troubleshooting/errors#no-such-element-exception
Build info: version: '4.21.0', revision: '79ed462ef4'
System info: os.name: 'Windows 11', os.arch: 'amd64', os.version: '10.0', java.version: '21'
Driver info: org.openqa.selenium.chrome.ChromeDriver
Command: [0410b4f0de533d515e83a848d8a52292, findElement {using=xpath, value=//ul[@role='tablist']}]
Capabilities {acceptInsecureCerts: false, browserName: chrome, browserVersion: 149.0.7827.103, chrome: {chromedriverVersion: 149.0.7827.155 (07b52360cc1..., userDataDir: C:\Users\2497849\AppData\Lo...}, fedcm:accounts: true, goog:chromeOptions: {debuggerAddress: localhost:63822}, goog:processID: 30204, networkConnectionEnabled: false, pageLoadStrategy: normal, platformName: windows, proxy: Proxy(), se:cdp: ws://localhost:63822/devtoo..., se:cdpVersion: 149.0.7827.103, setWindowRect: true, strictFileInteractability: false, timeouts: {implicit: 0, pageLoad: 300000, script: 30000}, unhandledPromptBehavior: dismiss and notify, webauthn:extension:credBlob: true, webauthn:extension:largeBlob: true, webauthn:extension:minPinLength: true, webauthn:extension:prf: true, webauthn:virtualAuthenticators: true}
Session ID: 0410b4f0de533d515e83a848d8a52292
2026-06-29 18:05:46 INFO  utils.LoggerManager - ===== Test Finished =====
2026-06-29 18:07:48 INFO  utils.LoggerManager - ===== Test Started =====
2026-06-29 18:07:48 INFO  utils.LoggerManager - Initializing browser: chrome
2026-06-29 18:07:51 INFO  utils.LoggerManager - Chrome browser launched
2026-06-29 18:07:57 INFO  utils.LoggerManager - Navigated to: https://www.urbanladder.com/
2026-06-29 18:07:57 INFO  utils.LoggerManager - Starting TC_03 - Filter by Open Storage
2026-06-29 18:07:57 INFO  utils.LoggerManager - Waiting for search box
2026-06-29 18:07:57 INFO  utils.LoggerManager - Clicking search box
2026-06-29 18:07:58 INFO  utils.LoggerManager - Typing Bookshelves
2026-06-29 18:07:58 INFO  utils.LoggerManager - Pressing Enter
2026-06-29 18:07:58 INFO  utils.LoggerManager - Bookshelves searched
2026-06-29 18:07:58 INFO  utils.LoggerManager - Clicking All Filters button
2026-06-29 18:07:59 INFO  utils.LoggerManager - Filters panel opened successfully
2026-06-29 18:07:59 INFO  utils.LoggerManager - Filters opened
2026-06-29 18:07:59 INFO  utils.LoggerManager - Scrolling to Storage Type section
2026-06-29 18:08:09 ERROR utils.LoggerManager - Test failed: no such element: Unable to locate element: {"method":"xpath","selector":"//ul[@role='tablist']"}
  (Session info: chrome=149.0.7827.103)
For documentation on this error, please visit: https://www.selenium.dev/documentation/webdriver/troubleshooting/errors#no-such-element-exception
Build info: version: '4.21.0', revision: '79ed462ef4'
System info: os.name: 'Windows 11', os.arch: 'amd64', os.version: '10.0', java.version: '21'
Driver info: org.openqa.selenium.chrome.ChromeDriver
Command: [de281d8b56096a5adc9966a03eb5603c, findElement {value=//ul[@role='tablist'], using=xpath}]
Capabilities {acceptInsecureCerts: false, browserName: chrome, browserVersion: 149.0.7827.103, chrome: {chromedriverVersion: 149.0.7827.155 (07b52360cc1..., userDataDir: C:\Users\2497849\AppData\Lo...}, fedcm:accounts: true, goog:chromeOptions: {debuggerAddress: localhost:64909}, goog:processID: 14560, networkConnectionEnabled: false, pageLoadStrategy: normal, platformName: windows, proxy: Proxy(), se:cdp: ws://localhost:64909/devtoo..., se:cdpVersion: 149.0.7827.103, setWindowRect: true, strictFileInteractability: false, timeouts: {implicit: 0, pageLoad: 300000, script: 30000}, unhandledPromptBehavior: dismiss and notify, webauthn:extension:credBlob: true, webauthn:extension:largeBlob: true, webauthn:extension:minPinLength: true, webauthn:extension:prf: true, webauthn:virtualAuthenticators: true}
Session ID: de281d8b56096a5adc9966a03eb5603c
2026-06-29 18:08:13 INFO  utils.LoggerManager - ===== Test Finished =====
2026-06-29 18:09:14 INFO  utils.LoggerManager - ===== Test Started =====
2026-06-29 18:09:14 INFO  utils.LoggerManager - Initializing browser: chrome
2026-06-29 18:09:18 INFO  utils.LoggerManager - Chrome browser launched
2026-06-29 18:09:21 INFO  utils.LoggerManager - Navigated to: https://www.urbanladder.com/
2026-06-29 18:09:21 INFO  utils.LoggerManager - Starting TC_03 - Filter by Open Storage
2026-06-29 18:09:21 INFO  utils.LoggerManager - Waiting for search box
2026-06-29 18:09:21 INFO  utils.LoggerManager - Clicking search box
2026-06-29 18:09:21 INFO  utils.LoggerManager - Typing Bookshelves
2026-06-29 18:09:21 INFO  utils.LoggerManager - Pressing Enter
2026-06-29 18:09:21 INFO  utils.LoggerManager - Bookshelves searched
2026-06-29 18:09:21 INFO  utils.LoggerManager - Clicking All Filters button
2026-06-29 18:09:22 INFO  utils.LoggerManager - Filters panel opened successfully
2026-06-29 18:09:22 INFO  utils.LoggerManager - Filters opened
2026-06-29 18:09:22 INFO  utils.LoggerManager - Opening Storage Type section
2026-06-29 18:09:43 ERROR utils.LoggerManager - Test failed: Expected condition failed: waiting for visibility of element located by By.xpath: //div[text()='Storage Type'] (tried for 15 second(s) with 500 milliseconds interval)
Build info: version: '4.21.0', revision: '79ed462ef4'
System info: os.name: 'Windows 11', os.arch: 'amd64', os.version: '10.0', java.version: '21'
Driver info: org.openqa.selenium.chrome.ChromeDriver
Capabilities {acceptInsecureCerts: false, browserName: chrome, browserVersion: 149.0.7827.103, chrome: {chromedriverVersion: 149.0.7827.155 (07b52360cc1..., userDataDir: C:\Users\2497849\AppData\Lo...}, fedcm:accounts: true, goog:chromeOptions: {debuggerAddress: localhost:51400}, goog:processID: 3592, networkConnectionEnabled: false, pageLoadStrategy: normal, platformName: windows, proxy: Proxy(), se:cdp: ws://localhost:51400/devtoo..., se:cdpVersion: 149.0.7827.103, setWindowRect: true, strictFileInteractability: false, timeouts: {implicit: 0, pageLoad: 300000, script: 30000}, unhandledPromptBehavior: dismiss and notify, webauthn:extension:credBlob: true, webauthn:extension:largeBlob: true, webauthn:extension:minPinLength: true, webauthn:extension:prf: true, webauthn:virtualAuthenticators: true}
Session ID: b1ba3aa01f449a438ecf14382987571d
2026-06-29 18:09:47 INFO  utils.LoggerManager - ===== Test Finished =====
2026-06-29 18:15:50 INFO  utils.LoggerManager - ===== Test Started =====
2026-06-29 18:15:50 INFO  utils.LoggerManager - Initializing browser: chrome
2026-06-29 18:15:54 INFO  utils.LoggerManager - Chrome browser launched
2026-06-29 18:15:57 INFO  utils.LoggerManager - Navigated to: https://www.urbanladder.com/
2026-06-29 18:15:57 INFO  utils.LoggerManager - Starting TC_03 - Filter by Open Storage
2026-06-29 18:15:57 INFO  utils.LoggerManager - Waiting for search box
2026-06-29 18:15:58 INFO  utils.LoggerManager - Clicking search box
2026-06-29 18:15:58 INFO  utils.LoggerManager - Typing Bookshelves
2026-06-29 18:15:58 INFO  utils.LoggerManager - Pressing Enter
2026-06-29 18:15:58 INFO  utils.LoggerManager - Bookshelves searched
2026-06-29 18:15:58 INFO  utils.LoggerManager - Clicking All Filters button
2026-06-29 18:15:59 INFO  utils.LoggerManager - Filters panel opened successfully
2026-06-29 18:15:59 INFO  utils.LoggerManager - Filters opened
2026-06-29 18:15:59 INFO  utils.LoggerManager - Scrolling inside filter panel to find Storage Type
2026-06-29 18:15:59 INFO  utils.LoggerManager - Locating Storage Type section
2026-06-29 18:16:19 ERROR utils.LoggerManager - Test failed: Expected condition failed: waiting for element to be clickable: By.xpath: //div[text()='Storage Type'] (tried for 15 second(s) with 500 milliseconds interval)
Build info: version: '4.21.0', revision: '79ed462ef4'
System info: os.name: 'Windows 11', os.arch: 'amd64', os.version: '10.0', java.version: '21'
Driver info: org.openqa.selenium.chrome.ChromeDriver
Capabilities {acceptInsecureCerts: false, browserName: chrome, browserVersion: 149.0.7827.103, chrome: {chromedriverVersion: 149.0.7827.155 (07b52360cc1..., userDataDir: C:\Users\2497849\AppData\Lo...}, fedcm:accounts: true, goog:chromeOptions: {debuggerAddress: localhost:63868}, goog:processID: 26828, networkConnectionEnabled: false, pageLoadStrategy: normal, platformName: windows, proxy: Proxy(), se:cdp: ws://localhost:63868/devtoo..., se:cdpVersion: 149.0.7827.103, setWindowRect: true, strictFileInteractability: false, timeouts: {implicit: 0, pageLoad: 300000, script: 30000}, unhandledPromptBehavior: dismiss and notify, webauthn:extension:credBlob: true, webauthn:extension:largeBlob: true, webauthn:extension:minPinLength: true, webauthn:extension:prf: true, webauthn:virtualAuthenticators: true}
Session ID: 20383bb89db9e6fdf625db7e117507e7
2026-06-29 18:16:23 INFO  utils.LoggerManager - ===== Test Finished =====
2026-06-29 18:18:41 INFO  utils.LoggerManager - ===== Test Started =====
2026-06-29 18:18:41 INFO  utils.LoggerManager - Initializing browser: chrome
2026-06-29 18:18:44 INFO  utils.LoggerManager - Chrome browser launched
2026-06-29 18:18:46 INFO  utils.LoggerManager - Navigated to: https://www.urbanladder.com/
2026-06-29 18:18:47 INFO  utils.LoggerManager - Starting TC_03 - Filter by Open Storage
2026-06-29 18:18:47 INFO  utils.LoggerManager - Waiting for search box
2026-06-29 18:18:47 INFO  utils.LoggerManager - Clicking search box
2026-06-29 18:18:47 INFO  utils.LoggerManager - Typing Bookshelves
2026-06-29 18:18:47 INFO  utils.LoggerManager - Pressing Enter
2026-06-29 18:18:47 INFO  utils.LoggerManager - Bookshelves searched
2026-06-29 18:18:47 INFO  utils.LoggerManager - Clicking All Filters button
2026-06-29 18:18:48 INFO  utils.LoggerManager - Filters panel opened successfully
2026-06-29 18:18:48 INFO  utils.LoggerManager - Filters opened
2026-06-29 18:18:48 INFO  utils.LoggerManager - Scrolling inside filter panel to find Storage Type
2026-06-29 18:18:48 INFO  utils.LoggerManager - Locating Storage Type section
2026-06-29 18:19:08 ERROR utils.LoggerManager - Test failed: Expected condition failed: waiting for element to be clickable: By.xpath: //div[text()='Storage Type'] (tried for 15 second(s) with 500 milliseconds interval)
Build info: version: '4.21.0', revision: '79ed462ef4'
System info: os.name: 'Windows 11', os.arch: 'amd64', os.version: '10.0', java.version: '21'
Driver info: org.openqa.selenium.chrome.ChromeDriver
Capabilities {acceptInsecureCerts: false, browserName: chrome, browserVersion: 149.0.7827.103, chrome: {chromedriverVersion: 149.0.7827.155 (07b52360cc1..., userDataDir: C:\Users\2497849\AppData\Lo...}, fedcm:accounts: true, goog:chromeOptions: {debuggerAddress: localhost:61126}, goog:processID: 23000, networkConnectionEnabled: false, pageLoadStrategy: normal, platformName: windows, proxy: Proxy(), se:cdp: ws://localhost:61126/devtoo..., se:cdpVersion: 149.0.7827.103, setWindowRect: true, strictFileInteractability: false, timeouts: {implicit: 0, pageLoad: 300000, script: 30000}, unhandledPromptBehavior: dismiss and notify, webauthn:extension:credBlob: true, webauthn:extension:largeBlob: true, webauthn:extension:minPinLength: true, webauthn:extension:prf: true, webauthn:virtualAuthenticators: true}
Session ID: 43aab6f72df597b32b09898e62397064
2026-06-29 18:19:13 INFO  utils.LoggerManager - ===== Test Finished =====
2026-06-30 12:11:19 INFO  utils.LoggerManager - ===== Test Started =====
2026-06-30 12:11:19 INFO  utils.LoggerManager - Initializing browser: chrome
2026-06-30 12:11:26 INFO  utils.LoggerManager - Chrome browser launched
2026-06-30 12:11:42 INFO  utils.LoggerManager - Navigated to: https://www.urbanladder.com/
2026-06-30 12:11:42 INFO  utils.LoggerManager - Starting TC_01
2026-06-30 12:11:42 INFO  utils.LoggerManager - Waiting for search box
2026-06-30 12:11:42 INFO  utils.LoggerManager - Clicking search box
2026-06-30 12:11:42 INFO  utils.LoggerManager - Typing Bookshelves
2026-06-30 12:11:42 INFO  utils.LoggerManager - Pressing Enter
2026-06-30 12:11:46 INFO  utils.LoggerManager - ===== Test Finished =====
2026-06-30 12:11:46 INFO  utils.LoggerManager - ===== Test Started =====
2026-06-30 12:11:46 INFO  utils.LoggerManager - Initializing browser: chrome
2026-06-30 12:11:49 INFO  utils.LoggerManager - Chrome browser launched
2026-06-30 12:11:58 INFO  utils.LoggerManager - Navigated to: https://www.urbanladder.com/
2026-06-30 12:11:58 INFO  utils.LoggerManager - Starting TC_02 - Price Filter
2026-06-30 12:11:58 INFO  utils.LoggerManager - Waiting for search box
2026-06-30 12:11:58 INFO  utils.LoggerManager - Clicking search box
2026-06-30 12:11:58 INFO  utils.LoggerManager - Typing Bookshelves
2026-06-30 12:11:58 INFO  utils.LoggerManager - Pressing Enter
2026-06-30 12:11:59 INFO  utils.LoggerManager - Clicking All Filters
2026-06-30 12:11:59 INFO  utils.LoggerManager - All Filters opened
2026-06-30 12:11:59 INFO  utils.LoggerManager - Scrolling to Price
2026-06-30 12:12:00 INFO  utils.LoggerManager - Setting max price
2026-06-30 12:12:00 INFO  utils.LoggerManager - Waiting for UI to update after entering price
2026-06-30 12:12:00 INFO  utils.LoggerManager - Clicking Apply button
2026-06-30 12:12:00 INFO  utils.LoggerManager - Price filter applied successfully
2026-06-30 12:12:03 INFO  utils.LoggerManager - ===== Test Finished =====
2026-06-30 12:35:21 INFO  utils.LoggerManager - ===== Test Started =====
2026-06-30 12:35:21 INFO  utils.LoggerManager - Initializing browser: chrome
2026-06-30 12:35:25 INFO  utils.LoggerManager - Chrome browser launched
2026-06-30 12:35:34 INFO  utils.LoggerManager - Navigated to: https://www.urbanladder.com/
2026-06-30 12:35:34 INFO  utils.LoggerManager - Starting TC_01
2026-06-30 12:35:34 INFO  utils.LoggerManager - Waiting for search box
2026-06-30 12:35:34 INFO  utils.LoggerManager - Clicking search box
2026-06-30 12:35:34 INFO  utils.LoggerManager - Typing Bookshelves
2026-06-30 12:35:34 INFO  utils.LoggerManager - Pressing Enter
2026-06-30 12:35:38 INFO  utils.LoggerManager - ===== Test Finished =====
2026-06-30 12:35:38 INFO  utils.LoggerManager - ===== Test Started =====
2026-06-30 12:35:38 INFO  utils.LoggerManager - Initializing browser: chrome
2026-06-30 12:35:41 INFO  utils.LoggerManager - Chrome browser launched
2026-06-30 12:35:52 INFO  utils.LoggerManager - Navigated to: https://www.urbanladder.com/
2026-06-30 12:35:52 INFO  utils.LoggerManager - Starting TC_02 - Price Filter
2026-06-30 12:35:52 INFO  utils.LoggerManager - Waiting for search box
2026-06-30 12:35:52 INFO  utils.LoggerManager - Clicking search box
2026-06-30 12:35:52 INFO  utils.LoggerManager - Typing Bookshelves
2026-06-30 12:35:52 INFO  utils.LoggerManager - Pressing Enter
2026-06-30 12:35:52 INFO  utils.LoggerManager - Clicking All Filters
2026-06-30 12:35:53 INFO  utils.LoggerManager - All Filters opened
2026-06-30 12:35:53 INFO  utils.LoggerManager - Scrolling to Price
2026-06-30 12:35:53 INFO  utils.LoggerManager - Setting max price
2026-06-30 12:35:53 INFO  utils.LoggerManager - Waiting for UI to update after entering price
2026-06-30 12:35:53 INFO  utils.LoggerManager - Clicking Apply button
2026-06-30 12:35:53 INFO  utils.LoggerManager - Price filter applied successfully
2026-06-30 12:35:57 INFO  utils.LoggerManager - ===== Test Finished =====
